[
  {
    "id": "conv_001",
    "timestamp": "2024-03-01T08:15:23",
    "session_id": "sess_001",
    "user_id": "user_001",
    "user_message": "Bună ziua! Cum pot face o pizza acasă?",
    "user_message_processed": "buna ziua cum pot face o pizza acasa",
    "intent_detected": "reteta",
    "intent_confidence": 0.98,
    "entities": {
      "preparat": "pizza",
      "context": "acasă"
    },
    "bot_response": "Pentru pizza acasă ai nevoie de: aluat (făină, apă, drojdie), sos de roșii și mozzarella. Coace 15 minute la 250°C. Vrei rețeta completă?",
    "response_time_ms": 245,
    "model_version": "v1.0",
    "feedback": {
      "rating": 5,
      "comment": "Excelent, m-a ajutat!"
    },
    "metadata": {
      "platform": "web",
      "browser": "Chrome",
      "language": "ro"
    }
  },
  {
    "id": "conv_002",
    "timestamp": "2024-03-01T08:45:12",
    "session_id": "sess_002",
    "user_id": "user_002",
    "user_message": "Ce ingrediente pentru clătite?",
    "user_message_processed": "ce ingrediente pentru clatite",
    "intent_detected": "ingrediente",
    "intent_confidence": 0.95,
    "entities": {
      "preparat": "clătite"
    },
    "bot_response": "Pentru clătite ai nevoie de: 2 ouă, 250ml lapte, 125g făină, un praf de sare și 2 linguri ulei.",
    "response_time_ms": 156,
    "model_version": "v1.0",
    "feedback": {
      "rating": 4,
      "comment": "Aș fi vrut și cantități mai exacte"
    },
    "metadata": {
      "platform": "mobile",
      "browser": "Safari",
      "language": "ro"
    }
  },
  {
    "id": "conv_003",
    "timestamp": "2024-03-01T09:23:45",
    "session_id": "sess_003",
    "user_id": "user_003",
    "user_message": "Cât timp se coace un cozonac?",
    "user_message_processed": "cat timp se coace un cozonac",
    "intent_detected": "timp_preparare",
    "intent_confidence": 0.97,
    "entities": {
      "preparat": "cozonac"
    },
    "bot_response": "Cozonacul se coace la 180°C pentru 45-50 minute. Verifică cu scobitoarea: dacă iese curată, e gata.",
    "response_time_ms": 189,
    "model_version": "v1.0",
    "feedback": null,
    "metadata": {
      "platform": "web",
      "browser": "Firefox",
      "language": "ro"
    }
  },
  {
    "id": "conv_004",
    "timestamp": "2024-03-01T10:05:37",
    "session_id": "sess_004",
    "user_id": "user_004",
    "user_message": "Cu ce pot înlocui ouăle în prăjituri?",
    "user_message_processed": "cu ce pot inlocui ouale in prajituri",
    "intent_detected": "inlocuitori",
    "intent_confidence": 0.96,
    "entities": {
      "ingredient": "ouă",
      "preparat": "prăjituri"
    },
    "bot_response": "Poți înlocui fiecare ou cu: jumătate de banană pisată, 60ml iaurt, sau 3 linguri de sos de mere.",
    "response_time_ms": 267,
    "model_version": "v1.0",
    "feedback": {
      "rating": 5,
      "comment": "Super util, mulțumesc!"
    },
    "metadata": {
      "platform": "mobile",
      "browser": "Chrome",
      "language": "ro"
    }
  },
  {
    "id": "conv_005",
    "timestamp": "2024-03-01T10:45:18",
    "session_id": "sess_005",
    "user_id": "user_005",
    "user_message": "E greu de făcut sarmale?",
    "user_message_processed": "e greu de facut sarmale",
    "intent_detected": "dificultate",
    "intent_confidence": 0.92,
    "entities": {
      "preparat": "sarmale"
    },
    "bot_response": "Sarmalele au dificultate medie. Necesită răbdare la formare, dar rețeta în sine e simplă. Ești la prima încercare?",
    "response_time_ms": 203,
    "model_version": "v1.0",
    "feedback": null,
    "metadata": {
      "platform": "web",
      "browser": "Edge",
      "language": "ro"
    }
  },
  {
    "id": "conv_006",
    "timestamp": "2024-03-01T11:32:09",
    "session_id": "sess_006",
    "user_id": "user_006",
    "user_message": "Salut! Ce mai faci?",
    "user_message_processed": "salut ce mai faci",
    "intent_detected": "salut",
    "intent_confidence": 0.99,
    "entities": {},
    "bot_response": "Salut! Sunt pregătit să te ajut cu orice întrebare culinară. Ce ai vrea să gătești azi?",
    "response_time_ms": 98,
    "model_version": "v1.0",
    "feedback": {
      "rating": 5,
      "comment": "Prietenos!"
    },
    "metadata": {
      "platform": "mobile",
      "browser": "Safari",
      "language": "ro"
    }
  },
  {
    "id": "conv_007",
    "timestamp": "2024-03-01T12:15:42",
    "session_id": "sess_007",
    "user_id": "user_007",
    "user_message": "Rețetă de mămăligă cu brânză",
    "user_message_processed": "reteta de mamaliga cu branza",
    "intent_detected": "reteta",
    "intent_confidence": 0.97,
    "entities": {
      "preparat": "mămăligă cu brânză"
    },
    "bot_response": "Mămăligă cu brânză: Fierbi 500ml apă cu sare, torni 200g mălai în ploaie, amesteci 10 minute. Servești cu brânză și smântână.",
    "response_time_ms": 278,
    "model_version": "v1.0",
    "feedback": null,
    "metadata": {
      "platform": "web",
      "browser": "Chrome",
      "language": "ro"
    }
  },
  {
    "id": "conv_008",
    "timestamp": "2024-03-01T13:47:53",
    "session_id": "sess_008",
    "user_id": "user_008",
    "user_message": "Mulțumesc pentru ajutor!",
    "user_message_processed": "multumesc pentru ajutor",
    "intent_detected": "multumesc",
    "intent_confidence": 0.98,
    "entities": {},
    "bot_response": "Cu plăcere! Poftă bună și orice întrebare ai, revino cu încredere! 🍳",
    "response_time_ms": 87,
    "model_version": "v1.0",
    "feedback": {
      "rating": 5,
      "comment": "Foarte politicos"
    },
    "metadata": {
      "platform": "mobile",
      "browser": "Chrome",
      "language": "ro"
    }
  },
  {
    "id": "conv_009",
    "timestamp": "2024-03-01T14:22:31",
    "session_id": "sess_009",
    "user_id": "user_009",
    "user_message": "Cum fac un piure de cartofi cremos?",
    "user_message_processed": "cum fac un piure de cartofi cremos",
    "intent_detected": "reteta",
    "intent_confidence": 0.94,
    "entities": {
      "preparat": "piure de cartofi"
    },
    "bot_response": "Piure cremos: Fierbi cartofii, îi pasezi calzi, adaugi unt și lapte cald, amesteci energic. Secretul: laptele să fie fierbinte!",
    "response_time_ms": 256,
    "model_version": "v1.0",
    "feedback": null,
    "metadata": {
      "platform": "web",
      "browser": "Firefox",
      "language": "ro"
    }
  },
  {
    "id": "conv_010",
    "timestamp": "2024-03-01T15:08:14",
    "session_id": "sess_010",
    "user_id": "user_010",
    "user_message": "Câte ouă pun la chec?",
    "user_message_processed": "cate oua pun la chec",
    "intent_detected": "ingrediente",
    "intent_confidence": 0.91,
    "entities": {
      "preparat": "chec",
      "ingredient": "ouă"
    },
    "bot_response": "Pentru un chec standard (20cm) folosești 3 ouă. Rețeta de bază: 3 ouă, 250g făină, 200g zahăr, 100ml ulei.",
    "response_time_ms": 198,
    "model_version": "v1.0",
    "feedback": {
      "rating": 4,
      "comment": "Aș fi vrut și rețeta completă"
    },
    "metadata": {
      "platform": "mobile",
      "browser": "Safari",
      "language": "ro"
    }
  },
  {
    "id": "conv_011",
    "timestamp": "2024-03-01T15:45:22",
    "session_id": "sess_011",
    "user_id": "user_011",
    "user_message": "Cât fierb ouăle tari?",
    "user_message_processed": "cat fierb ouale tari",
    "intent_detected": "timp_preparare",
    "intent_confidence": 0.96,
    "entities": {
      "preparat": "ouă tari"
    },
    "bot_response": "Ouăle tari se fierb 10 minute de la momentul în care apa dă în clocot. După fierbere, le treci prin apă rece pentru a se curăța ușor.",
    "response_time_ms": 167,
    "model_version": "v1.0",
    "feedback": null,
    "metadata": {
      "platform": "web",
      "browser": "Chrome",
      "language": "ro"
    }
  },
  {
    "id": "conv_012",
    "timestamp": "2024-03-01T16:33:47",
    "session_id": "sess_012",
    "user_id": "user_012",
    "user_message": "Ce pun în loc de smântână în ciorbă?",
    "user_message_processed": "ce pun in loc de smantana in ciorba",
    "intent_detected": "inlocuitori",
    "intent_confidence": 0.95,
    "entities": {
      "ingredient": "smântână",
      "preparat": "ciorbă"
    },
    "bot_response": "Poți înlocui smântâna în ciorbă cu iaurt grecesc sau cu frișcă lichidă. Adaugă-le la final, după ce ai oprit focul.",
    "response_time_ms": 223,
    "model_version": "v1.0",
    "feedback": {
      "rating": 5,
      "comment": "Perfect, exact ce căutam!"
    },
    "metadata": {
      "platform": "mobile",
      "browser": "Chrome",
      "language": "ro"
    }
  },
  {
    "id": "conv_013",
    "timestamp": "2024-03-01T17:12:38",
    "session_id": "sess_013",
    "user_id": "user_013",
    "user_message": "E complicată rețeta de cozonac?",
    "user_message_processed": "e complicata reteta de cozonac",
    "intent_detected": "dificultate",
    "intent_confidence": 0.93,
    "entities": {
      "preparat": "cozonac"
    },
    "bot_response": "Cozonacul are dificultate medie spre ridicată. Necesită răbdare la dospit și la împletit. Recomand să începi cu o rețetă simplă.",
    "response_time_ms": 188,
    "model_version": "v1.0",
    "feedback": null,
    "metadata": {
      "platform": "web",
      "browser": "Edge",
      "language": "ro"
    }
  },
  {
    "id": "conv_014",
    "timestamp": "2024-03-01T17:58:04",
    "session_id": "sess_014",
    "user_id": "user_014",
    "user_message": "Hei, ce recomanzi pentru cină?",
    "user_message_processed": "hei ce recomanzi pentru cina",
    "intent_detected": "recomandare",
    "intent_confidence": 0.88,
    "entities": {
      "context": "cină"
    },
    "bot_response": "Pentru cină recomand ceva ușor: supă cremă de legume, paste carbonara sau pește la cuptor cu legume. Ce preferi?",
    "response_time_ms": 312,
    "model_version": "v1.0",
    "feedback": {
      "rating": 4,
      "comment": "Bune sugestii"
    },
    "metadata": {
      "platform": "mobile",
      "browser": "Safari",
      "language": "ro"
    }
  },
  {
    "id": "conv_015",
    "timestamp": "2024-03-02T08:25:16",
    "session_id": "sess_015",
    "user_id": "user_015",
    "user_message": "Cum se face o supă cremă de legume?",
    "user_message_processed": "cum se face o supa crema de legume",
    "intent_detected": "reteta",
    "intent_confidence": 0.97,
    "entities": {
      "preparat": "supă cremă de legume"
    },
    "bot_response": "Supă cremă: călești ceapă, adaugi legume (morcov, țelină, cartofi), fierbi 20 minute, blenderizezi, adaugi smântână. Simplu și delicios!",
    "response_time_ms": 245,
    "model_version": "v1.0",
    "feedback": null,
    "metadata": {
      "platform": "web",
      "browser": "Chrome",
      "language": "ro"
    }
  },
  {
    "id": "conv_016",
    "timestamp": "2024-03-02T09:03:47",
    "session_id": "sess_016",
    "user_id": "user_016",
    "user_message": "Bună dimineața!",
    "user_message_processed": "buna dimineata",
    "intent_detected": "salut",
    "intent_confidence": 0.98,
    "entities": {},
    "bot_response": "Bună dimineața! Ce planuri culinare ai pentru azi? Te pot ajuta cu rețete sau idei.",
    "response_time_ms": 102,
    "model_version": "v1.0",
    "feedback": null,
    "metadata": {
      "platform": "mobile",
      "browser": "Chrome",
      "language": "ro"
    }
  },
  {
    "id": "conv_017",
    "timestamp": "2024-03-02T09:45:32",
    "session_id": "sess_017",
    "user_id": "user_017",
    "user_message": "Ce ingrediente pentru paste carbonara?",
    "user_message_processed": "ce ingrediente pentru paste carbonara",
    "intent_detected": "ingrediente",
    "intent_confidence": 0.96,
    "entities": {
      "preparat": "paste carbonara"
    },
    "bot_response": "Pentru paste carbonara autentice ai nevoie de: paste, guanciale (sau pancetta), ouă, parmezan, piper negru. Nimic altceva! Fără smântână.",
    "response_time_ms": 212,
    "model_version": "v1.0",
    "feedback": {
      "rating": 5,
      "comment": "Super, mulțumesc!"
    },
    "metadata": {
      "platform": "web",
      "browser": "Firefox",
      "language": "ro"
    }
  },
  {
    "id": "conv_018",
    "timestamp": "2024-03-02T10:28:19",
    "session_id": "sess_018",
    "user_id": "user_018",
    "user_message": "Cât durează să fac o pizza de la zero?",
    "user_message_processed": "cat dureaza sa fac o pizza de la zero",
    "intent_detected": "timp_preparare",
    "intent_confidence": 0.94,
    "entities": {
      "preparat": "pizza"
    },
    "bot_response": "O pizza de la zero durează aproximativ 2-3 ore, din care: 20 min preparare aluat, 2 ore dospit, 15 min coacere. Poți cumpăra aluat gata dacă te grăbești.",
    "response_time_ms": 278,
    "model_version": "v1.0",
    "feedback": null,
    "metadata": {
      "platform": "mobile",
      "browser": "Safari",
      "language": "ro"
    }
  },
  {
    "id": "conv_019",
    "timestamp": "2024-03-02T11:12:55",
    "session_id": "sess_019",
    "user_id": "user_019",
    "user_message": "Pot face clătite fără ouă?",
    "user_message_processed": "pot face clatite fara oua",
    "intent_detected": "inlocuitori",
    "intent_confidence": 0.95,
    "entities": {
      "preparat": "clătite",
      "ingredient": "ouă"
    },
    "bot_response": "Da, poți face clătite fără ouă! Folosești: 250ml lapte, 125g făină, 1 lingură ulei, praf de copt. Amesteci bine și prăjești ca de obicei.",
    "response_time_ms": 234,
    "model_version": "v1.0",
    "feedback": {
      "rating": 5,
      "comment": "Perfect pentru alergia mea!"
    },
    "metadata": {
      "platform": "web",
      "browser": "Chrome",
      "language": "ro"
    }
  },
  {
    "id": "conv_020",
    "timestamp": "2024-03-02T12:05:41",
    "session_id": "sess_020",
    "user_id": "user_020",
    "user_message": "Cât de dificil e să faci sushi acasă?",
    "user_message_processed": "cat de dificil e sa faci sushi acasa",
    "intent_detected": "dificultate",
    "intent_confidence": 0.92,
    "entities": {
      "preparat": "sushi"
    },
    "bot_response": "Sushi are dificultate ridicată pentru începători. Cel mai greu e să gătești orezul corect și să rulezi. Recomand să începi cu maki simple.",
    "response_time_ms": 256,
    "model_version": "v1.0",
    "feedback": null,
    "metadata": {
      "platform": "mobile",
      "browser": "Edge",
      "language": "ro"
    }
  },
  {
    "id": "conv_021",
    "timestamp": "2024-03-02T13:18:33",
    "session_id": "sess_021",
    "user_id": "user_021",
    "user_message": "Mulțumesc frumos!",
    "user_message_processed": "multumesc frumos",
    "intent_detected": "multumesc",
    "intent_confidence": 0.98,
    "entities": {},
    "bot_response": "Cu mare drag! Orice întrebare culinară ai, sunt aici să te ajut. Poftă bună! 🍽️",
    "response_time_ms": 89,
    "model_version": "v1.0",
    "feedback": null,
    "metadata": {
      "platform": "web",
      "browser": "Chrome",
      "language": "ro"
    }
  },
  {
    "id": "conv_022",
    "timestamp": "2024-03-02T14:42:17",
    "session_id": "sess_022",
    "user_id": "user_022",
    "user_message": "Rețetă de ciorbă de burtă",
    "user_message_processed": "reteta de ciorba de burta",
    "intent_detected": "reteta",
    "intent_confidence": 0.96,
    "entities": {
      "preparat": "ciorbă de burtă"
    },
    "bot_response": "Ciorbă de burtă: fierbi burta cu legume, faci o zeamă de borș, adaugi smântână și usturoi. E mai complexă, vrei rețeta pas cu pas?",
    "response_time_ms": 289,
    "model_version": "v1.0",
    "feedback": {
      "rating": 4,
      "comment": "Aștept rețeta completă"
    },
    "metadata": {
      "platform": "mobile",
      "browser": "Safari",
      "language": "ro"
    }
  },
  {
    "id": "conv_023",
    "timestamp": "2024-03-02T15:30:08",
    "session_id": "sess_023",
    "user_id": "user_023",
    "user_message": "Ce fel de brânză se potrivește la paste?",
    "user_message_processed": "ce fel de branza se potriveste la paste",
    "intent_detected": "ingrediente",
    "intent_confidence": 0.93,
    "entities": {
      "preparat": "paste"
    },
    "bot_response": "La paste se potrivesc: parmezan (clasic), pecorino (mai sărat), mozzarella (pentru paste la cuptor), gorgonzola (pentru sosuri cremoase).",
    "response_time_ms": 201,
    "model_version": "v1.0",
    "feedback": null,
    "metadata": {
      "platform": "web",
      "browser": "Firefox",
      "language": "ro"
    }
  },
  {
    "id": "conv_024",
    "timestamp": "2024-03-02T16:15:44",
    "session_id": "sess_024",
    "user_id": "user_024",
    "user_message": "Cât se coace un piept de pui la cuptor?",
    "user_message_processed": "cat se coace un piept de pui la cuptor",
    "intent_detected": "timp_preparare",
    "intent_confidence": 0.97,
    "entities": {
      "preparat": "piept de pui"
    },
    "bot_response": "Pieptul de pui se coace 25-30 minute la 180°C. Verifică temperatura internă: trebuie să ajungă la 75°C. Lasă-l 5 minute să se odihnească după coacere.",
    "response_time_ms": 187,
    "model_version": "v1.0",
    "feedback": {
      "rating": 5,
      "comment": "Perfect, mi-a ieșit suculent!"
    },
    "metadata": {
      "platform": "mobile",
      "browser": "Chrome",
      "language": "ro"
    }
  },
  {
    "id": "conv_025",
    "timestamp": "2024-03-02T17:03:29",
    "session_id": "sess_025",
    "user_id": "user_025",
    "user_message": "Cu ce înlocuiesc lactatele în deserturi?",
    "user_message_processed": "cu ce inlocuiesc lactatele in deserturi",
    "intent_detected": "inlocuitori",
    "intent_confidence": 0.95,
    "entities": {
      "ingredient": "lactate",
      "preparat": "deserturi"
    },
    "bot_response": "Poți înlocui lactatele în deserturi cu: lapte de cocos, lapte de migdale, ulei de cocos în loc de unt, iaurt de soia. Rezultatele sunt delicioase!",
    "response_time_ms": 245,
    "model_version": "v1.0",
    "feedback": null,
    "metadata": {
      "platform": "web",
      "browser": "Edge",
      "language": "ro"
    }
  },
  {
    "id": "conv_026",
    "timestamp": "2024-03-03T08:35:12",
    "session_id": "sess_026",
    "user_id": "user_026",
    "user_message": "Bună! Ce mic dejun rapid îmi recomanzi?",
    "user_message_processed": "buna ce mic dejun rapid imi recomanzi",
    "intent_detected": "recomandare",
    "intent_confidence": 0.91,
    "entities": {
      "context": "mic dejun rapid"
    },
    "bot_response": "Mic dejun rapid: omletă în 5 minute, iaurt cu granola și fructe, sau sandwich cu avocado. Ce ai la îndemână?",
    "response_time_ms": 223,
    "model_version": "v1.0",
    "feedback": null,
    "metadata": {
      "platform": "mobile",
      "browser": "Safari",
      "language": "ro"
    }
  },
  {
    "id": "conv_027",
    "timestamp": "2024-03-03T09:28:45",
    "session_id": "sess_027",
    "user_id": "user_027",
    "user_message": "Cum fac o omletă pufoasă?",
    "user_message_processed": "cum fac o omleta pufoasa",
    "intent_detected": "reteta",
    "intent_confidence": 0.96,
    "entities": {
      "preparat": "omletă"
    },
    "bot_response": "Omletă pufoasă: bați ouăle cu un praf de sare până devin spumoase, le torni în tigaie cu unt topit, amesteci ușor 2 minute, apoi lași să se fixeze. Secretul: foc mic!",
    "response_time_ms": 234,
    "model_version": "v1.0",
    "feedback": {
      "rating": 5,
      "comment": "A ieșit perfectă!"
    },
    "metadata": {
      "platform": "web",
      "browser": "Chrome",
      "language": "ro"
    }
  },
  {
    "id": "conv_028",
    "timestamp": "2024-03-03T10:15:33",
    "session_id": "sess_028",
    "user_id": "user_028",
    "user_message": "Ce legume pun în ciorbă?",
    "user_message_processed": "ce legume pun in ciorba",
    "intent_detected": "ingrediente",
    "intent_confidence": 0.94,
    "entities": {
      "preparat": "ciorbă"
    },
    "bot_response": "În ciorbă poți pune: morcov, ceapă, țelină, ardei, păstârnac, cartofi. Le poți căli puțin înainte pentru mai multă aromă.",
    "response_time_ms": 178,
    "model_version": "v1.0",
    "feedback": null,
    "metadata": {
      "platform": "mobile",
      "browser": "Firefox",
      "language": "ro"
    }
  },
  {
    "id": "conv_029",
    "timestamp": "2024-03-03T11:02:19",
    "session_id": "sess_029",
    "user_id": "user_029",
    "user_message": "Cât se fierbe o ciorbă?",
    "user_message_processed": "cat se fierbe o ciorba",
    "intent_detected": "timp_preparare",
    "intent_confidence": 0.93,
    "entities": {
      "preparat": "ciorbă"
    },
    "bot_response": "O ciorbă se fierbe aproximativ 45-60 minute după ce ai adăugat legumele. Carnea se fierbe separat 1-2 ore înainte, în funcție de tip.",
    "response_time_ms": 212,
    "model_version": "v1.0",
    "feedback": null,
    "metadata": {
      "platform": "web",
      "browser": "Chrome",
      "language": "ro"
    }
  },
  {
    "id": "conv_030",
    "timestamp": "2024-03-03T11:48:56",
    "session_id": "sess_030",
    "user_id": "user_030",
    "user_message": "Mersi de ajutor!",
    "user_message_processed": "mersi de ajutor",
    "intent_detected": "multumesc",
    "intent_confidence": 0.98,
    "entities": {},
    "bot_response": "Cu plăcere! Sunt bucuros că pot să te ajut. O zi gustoasă! 🌟",
    "response_time_ms": 95,
    "model_version": "v1.0",
    "feedback": null,
    "metadata": {
      "platform": "mobile",
      "browser": "Safari",
      "language": "ro"
    }
  }
]